Using pre-set license
Built from '2020.3/staging' branch; Version is '2020.3.9f1 (108be757e447) revision 1084391'; Using compiler version '192528614'; Build Type 'Release'
OS: 'Windows 10 Pro; OS build 19043.1052; Version 2009; 64bit' Language: 'en' Physical Memory: 32716 MB
BatchMode: 1, IsHumanControllingUs: 0, StartBugReporterOnCrash: 0, Is64bit: 1, IsPro: 0

 COMMAND LINE ARGUMENTS:
C:\Program Files\Unity\Editor\Unity.exe
-adb2
-batchMode
-noUpm
-name
AssetImportWorker0
-projectPath
C:/Users/jchun/OneDrive/Desktop/JWHackathon2021/JWHackathon2021
-logFile
Logs/AssetImportWorker0.log
-srvPort
49856
Successfully changed project path to: C:/Users/jchun/OneDrive/Desktop/JWHackathon2021/JWHackathon2021
C:/Users/jchun/OneDrive/Desktop/JWHackathon2021/JWHackathon2021
Using Asset Import Pipeline V2.
Refreshing native plugins compatible for Editor in 19.10 ms, found 0 plugins.
Preloading 0 native plugins for Editor in 0.00 ms.
Initialize engine version: 2020.3.9f1 (108be757e447)
[Subsystems] Discovering subsystems at path C:/Program Files/Unity/Editor/Data/Resources/UnitySubsystems
[Subsystems] Discovering subsystems at path C:/Users/jchun/OneDrive/Desktop/JWHackathon2021/JWHackathon2021/Assets
GfxDevice: creating device client; threaded=0
Direct3D:
    Version:  Direct3D 11.0 [level 11.1]
    Renderer: NVIDIA GeForce GTX 1070 (ID=0x1b81)
    Vendor:   
    VRAM:     8088 MB
    Driver:   27.21.14.6089
Initialize mono
Mono path[0] = 'C:/Program Files/Unity/Editor/Data/Managed'
Mono path[1] = 'C:/Program Files/Unity/Editor/Data/MonoBleedingEdge/lib/mono/unityjit'
Mono config path = 'C:/Program Files/Unity/Editor/Data/MonoBleedingEdge/etc'
Using monoOptions --debugger-agent=transport=dt_socket,embedding=1,server=y,suspend=n,address=127.0.0.1:56956
Begin MonoManager ReloadAssembly
Registering precompiled unity dll's ...
Register platform support module: C:/Program Files/Unity/Editor/Data/PlaybackEngines/WindowsStandaloneSupport/UnityEditor.WindowsStandalone.Extensions.dll
Registered in 0.002262 seconds.
Native extension for WindowsStandalone target not found
Refreshing native plugins compatible for Editor in 20.82 ms, found 0 plugins.
Preloading 0 native plugins for Editor in 0.00 ms.
Mono: successfully reloaded assembly
- Completed reload, in  0.925 seconds
Platform modules already initialized, skipping
Registering precompiled user dll's ...
Registered in 0.000594 seconds.
Begin MonoManager ReloadAssembly
Native extension for WindowsStandalone target not found
Refreshing native plugins compatible for Editor in 0.21 ms, found 0 plugins.
Preloading 0 native plugins for Editor in 0.00 ms.
Mono: successfully reloaded assembly
- Completed reload, in  0.735 seconds
Platform modules already initialized, skipping
========================================================================
Worker process is ready to serve import requests
Launched and connected shader compiler UnityShaderCompiler.exe after 0.04 seconds
Refreshing native plugins compatible for Editor in 0.23 ms, found 0 plugins.
Preloading 0 native plugins for Editor in 0.00 ms.
Unloading 1115 Unused Serialized files (Serialized files now loaded: 0)
System memory in use before: 57.1 MB.
System memory in use after: 57.2 MB.

Unloading 10 unused Assets to reduce memory usage. Loaded Objects now: 1557.
Total: 1.394800 ms (FindLiveObjects: 0.124300 ms CreateObjectMapping: 0.025900 ms MarkObjects: 1.179400 ms  DeleteObjects: 0.064300 ms)

========================================================================
Received Import Request.
  path: Assets/Materials
  artifactKey: Guid(333fdc63c620ce54ea88cd1a28293ffb) Importer(815301076,1909f56bfc062723c751e8b465ee728b)
Start importing Assets/Materials using Guid(333fdc63c620ce54ea88cd1a28293ffb) Importer(815301076,1909f56bfc062723c751e8b465ee728b)  -> (artifact id: 'a5da9cd38bfe0c04d7691d2d8de64123') in 0.007101 seconds
  Import took 0.009958 seconds .

========================================================================
Received Prepare
Registering precompiled user dll's ...
Registered in 0.000632 seconds.
Begin MonoManager ReloadAssembly
Native extension for WindowsStandalone target not found
Refreshing native plugins compatible for Editor in 0.19 ms, found 0 plugins.
Preloading 0 native plugins for Editor in 0.00 ms.
Mono: successfully reloaded assembly
- Completed reload, in  0.678 seconds
Platform modules already initialized, skipping
Refreshing native plugins compatible for Editor in 0.19 ms, found 0 plugins.
Preloading 0 native plugins for Editor in 0.00 ms.
Unloading 1111 Unused Serialized files (Serialized files now loaded: 0)
System memory in use before: 57.1 MB.
System memory in use after: 57.2 MB.

Unloading 5 unused Assets to reduce memory usage. Loaded Objects now: 1561.
Total: 1.316600 ms (FindLiveObjects: 0.106700 ms CreateObjectMapping: 0.024900 ms MarkObjects: 1.141900 ms  DeleteObjects: 0.042100 ms)

========================================================================
Received Import Request.
  Time since last request: 395.568846 seconds.
  path: Assets/Scripts
  artifactKey: Guid(3d6302f31cf764045b528d1ddcb5027f) Importer(815301076,1909f56bfc062723c751e8b465ee728b)
Start importing Assets/Scripts using Guid(3d6302f31cf764045b528d1ddcb5027f) Importer(815301076,1909f56bfc062723c751e8b465ee728b)  -> (artifact id: '40e15369f2c2eef404629bc657bca08f') in 0.006827 seconds
  Import took 0.009619 seconds .

========================================================================
Received Import Request.
  Time since last request: 0.003353 seconds.
  path: Assets/Scripts
  artifactKey: Guid(3d6302f31cf764045b528d1ddcb5027f) Importer(815301076,1909f56bfc062723c751e8b465ee728b)
Start importing Assets/Scripts using Guid(3d6302f31cf764045b528d1ddcb5027f) Importer(815301076,1909f56bfc062723c751e8b465ee728b)  -> (artifact id: '40e15369f2c2eef404629bc657bca08f') in 0.001702 seconds
  Import took 0.004418 seconds .

========================================================================
Received Import Request.
  Time since last request: 1.096615 seconds.
  path: Assets/EnemyController.cs
  artifactKey: Guid(9998b98d347672943954134a077ae653) Importer(815301076,1909f56bfc062723c751e8b465ee728b)
Start importing Assets/EnemyController.cs using Guid(9998b98d347672943954134a077ae653) Importer(815301076,1909f56bfc062723c751e8b465ee728b)  -> (artifact id: '52fcfd847bc98a88bb858615810cb26b') in 0.022514 seconds
  Import took 0.024870 seconds .

========================================================================
Received Prepare
Registering precompiled user dll's ...
Registered in 0.000548 seconds.
Begin MonoManager ReloadAssembly
Native extension for WindowsStandalone target not found
Refreshing native plugins compatible for Editor in 0.19 ms, found 0 plugins.
Preloading 0 native plugins for Editor in 0.00 ms.
Mono: successfully reloaded assembly
- Completed reload, in  0.654 seconds
Platform modules already initialized, skipping
Refreshing native plugins compatible for Editor in 0.19 ms, found 0 plugins.
Preloading 0 native plugins for Editor in 0.00 ms.
Unloading 1111 Unused Serialized files (Serialized files now loaded: 0)
System memory in use before: 57.1 MB.
System memory in use after: 57.2 MB.

Unloading 5 unused Assets to reduce memory usage. Loaded Objects now: 1564.
Total: 1.401200 ms (FindLiveObjects: 0.117500 ms CreateObjectMapping: 0.029100 ms MarkObjects: 1.213600 ms  DeleteObjects: 0.040200 ms)

========================================================================
Received Import Request.
  Time since last request: 4.640007 seconds.
  path: Assets/Scenes
  artifactKey: Guid(ffd86edc18acc0a4291614fa8991d5af) Importer(815301076,1909f56bfc062723c751e8b465ee728b)
Start importing Assets/Scenes using Guid(ffd86edc18acc0a4291614fa8991d5af) Importer(815301076,1909f56bfc062723c751e8b465ee728b)  -> (artifact id: '1df13a30cb685f4f27895edeec18668d') in 0.007631 seconds
  Import took 0.009578 seconds .

========================================================================
Received Import Request.
  Time since last request: 558.873527 seconds.
  path: Assets/Scripts/EnemyController.cs
  artifactKey: Guid(9998b98d347672943954134a077ae653) Importer(815301076,1909f56bfc062723c751e8b465ee728b)
Start importing Assets/Scripts/EnemyController.cs using Guid(9998b98d347672943954134a077ae653) Importer(815301076,1909f56bfc062723c751e8b465ee728b)  -> (artifact id: 'c8e21a6f7427bbb96c9d304abfccc6bf') in 0.002347 seconds
  Import took 0.005294 seconds .

========================================================================
Received Prepare
Registering precompiled user dll's ...
Registered in 0.001406 seconds.
Begin MonoManager ReloadAssembly
Native extension for WindowsStandalone target not found
Refreshing native plugins compatible for Editor in 0.20 ms, found 0 plugins.
Preloading 0 native plugins for Editor in 0.00 ms.
Mono: successfully reloaded assembly
- Completed reload, in  0.697 seconds
Platform modules already initialized, skipping
Refreshing native plugins compatible for Editor in 0.20 ms, found 0 plugins.
Preloading 0 native plugins for Editor in 0.00 ms.
Unloading 1112 Unused Serialized files (Serialized files now loaded: 0)
System memory in use before: 57.2 MB.
System memory in use after: 57.2 MB.

Unloading 5 unused Assets to reduce memory usage. Loaded Objects now: 1568.
Total: 1.362200 ms (FindLiveObjects: 0.138900 ms CreateObjectMapping: 0.024000 ms MarkObjects: 1.157700 ms  DeleteObjects: 0.040800 ms)

========================================================================
Received Import Request.
  Time since last request: 274.470805 seconds.
  path: Assets/Scripts/EnemyController.cs
  artifactKey: Guid(9998b98d347672943954134a077ae653) Importer(815301076,1909f56bfc062723c751e8b465ee728b)
Start importing Assets/Scripts/EnemyController.cs using Guid(9998b98d347672943954134a077ae653) Importer(815301076,1909f56bfc062723c751e8b465ee728b)  -> (artifact id: '5dca1f29a5fdd2a94e76ff9dad45b191') in 0.003821 seconds
  Import took 0.006573 seconds .

========================================================================
Received Prepare
Registering precompiled user dll's ...
Registered in 0.000582 seconds.
Begin MonoManager ReloadAssembly
Native extension for WindowsStandalone target not found
Refreshing native plugins compatible for Editor in 0.20 ms, found 0 plugins.
Preloading 0 native plugins for Editor in 0.00 ms.
Mono: successfully reloaded assembly
- Completed reload, in  0.724 seconds
Platform modules already initialized, skipping
Refreshing native plugins compatible for Editor in 0.20 ms, found 0 plugins.
Preloading 0 native plugins for Editor in 0.00 ms.
Unloading 1112 Unused Serialized files (Serialized files now loaded: 0)
System memory in use before: 57.2 MB.
System memory in use after: 57.2 MB.

Unloading 5 unused Assets to reduce memory usage. Loaded Objects now: 1571.
Total: 1.377000 ms (FindLiveObjects: 0.127900 ms CreateObjectMapping: 0.025900 ms MarkObjects: 1.179400 ms  DeleteObjects: 0.043000 ms)

========================================================================
Received Prepare
Registering precompiled user dll's ...
Registered in 0.000997 seconds.
Begin MonoManager ReloadAssembly
Native extension for WindowsStandalone target not found
Refreshing native plugins compatible for Editor in 0.21 ms, found 0 plugins.
Preloading 0 native plugins for Editor in 0.00 ms.
Mono: successfully reloaded assembly
- Completed reload, in  0.730 seconds
Platform modules already initialized, skipping
Refreshing native plugins compatible for Editor in 0.20 ms, found 0 plugins.
Preloading 0 native plugins for Editor in 0.00 ms.
Unloading 1112 Unused Serialized files (Serialized files now loaded: 0)
System memory in use before: 57.2 MB.
System memory in use after: 57.2 MB.

Unloading 5 unused Assets to reduce memory usage. Loaded Objects now: 1574.
Total: 1.547100 ms (FindLiveObjects: 0.137000 ms CreateObjectMapping: 0.025800 ms MarkObjects: 1.338400 ms  DeleteObjects: 0.044900 ms)

========================================================================
Received Prepare
Registering precompiled user dll's ...
Registered in 0.000946 seconds.
Begin MonoManager ReloadAssembly
Native extension for WindowsStandalone target not found
Refreshing native plugins compatible for Editor in 0.19 ms, found 0 plugins.
Preloading 0 native plugins for Editor in 0.00 ms.
Mono: successfully reloaded assembly
- Completed reload, in  0.692 seconds
Platform modules already initialized, skipping
Refreshing native plugins compatible for Editor in 0.19 ms, found 0 plugins.
Preloading 0 native plugins for Editor in 0.00 ms.
Unloading 1112 Unused Serialized files (Serialized files now loaded: 0)
System memory in use before: 57.2 MB.
System memory in use after: 57.3 MB.

Unloading 5 unused Assets to reduce memory usage. Loaded Objects now: 1577.
Total: 2.047700 ms (FindLiveObjects: 0.126300 ms CreateObjectMapping: 0.025400 ms MarkObjects: 1.839100 ms  DeleteObjects: 0.055900 ms)

========================================================================
Received Prepare
Registering precompiled user dll's ...
Registered in 0.000561 seconds.
Begin MonoManager ReloadAssembly
Native extension for WindowsStandalone target not found
Refreshing native plugins compatible for Editor in 0.22 ms, found 0 plugins.
Preloading 0 native plugins for Editor in 0.00 ms.
Mono: successfully reloaded assembly
- Completed reload, in  0.755 seconds
Platform modules already initialized, skipping
Refreshing native plugins compatible for Editor in 0.19 ms, found 0 plugins.
Preloading 0 native plugins for Editor in 0.00 ms.
Unloading 1112 Unused Serialized files (Serialized files now loaded: 0)
System memory in use before: 57.2 MB.
System memory in use after: 57.3 MB.

Unloading 5 unused Assets to reduce memory usage. Loaded Objects now: 1580.
Total: 1.382100 ms (FindLiveObjects: 0.119500 ms CreateObjectMapping: 0.025200 ms MarkObjects: 1.195200 ms  DeleteObjects: 0.041300 ms)

========================================================================
Received Prepare
Registering precompiled user dll's ...
Registered in 0.000612 seconds.
Begin MonoManager ReloadAssembly
Native extension for WindowsStandalone target not found
Refreshing native plugins compatible for Editor in 0.24 ms, found 0 plugins.
Preloading 0 native plugins for Editor in 0.00 ms.
Mono: successfully reloaded assembly
- Completed reload, in  0.733 seconds
Platform modules already initialized, skipping
Refreshing native plugins compatible for Editor in 0.21 ms, found 0 plugins.
Preloading 0 native plugins for Editor in 0.00 ms.
Unloading 1112 Unused Serialized files (Serialized files now loaded: 0)
System memory in use before: 57.2 MB.
System memory in use after: 57.3 MB.

Unloading 5 unused Assets to reduce memory usage. Loaded Objects now: 1583.
Total: 1.379400 ms (FindLiveObjects: 0.127600 ms CreateObjectMapping: 0.026300 ms MarkObjects: 1.179700 ms  DeleteObjects: 0.044900 ms)

========================================================================
Received Prepare
Registering precompiled user dll's ...
Registered in 0.000685 seconds.
Begin MonoManager ReloadAssembly
Native extension for WindowsStandalone target not found
Refreshing native plugins compatible for Editor in 0.20 ms, found 0 plugins.
Preloading 0 native plugins for Editor in 0.00 ms.
Mono: successfully reloaded assembly
- Completed reload, in  0.796 seconds
Platform modules already initialized, skipping
Refreshing native plugins compatible for Editor in 0.20 ms, found 0 plugins.
Preloading 0 native plugins for Editor in 0.00 ms.
Unloading 1112 Unused Serialized files (Serialized files now loaded: 0)
System memory in use before: 57.2 MB.
System memory in use after: 57.3 MB.

Unloading 5 unused Assets to reduce memory usage. Loaded Objects now: 1586.
Total: 1.305300 ms (FindLiveObjects: 0.111400 ms CreateObjectMapping: 0.025800 ms MarkObjects: 1.128100 ms  DeleteObjects: 0.039200 ms)

========================================================================
Received Prepare
Registering precompiled user dll's ...
Registered in 0.000631 seconds.
Begin MonoManager ReloadAssembly
Native extension for WindowsStandalone target not found
Refreshing native plugins compatible for Editor in 0.22 ms, found 0 plugins.
Preloading 0 native plugins for Editor in 0.00 ms.
Mono: successfully reloaded assembly
- Completed reload, in  0.739 seconds
Platform modules already initialized, skipping
Refreshing native plugins compatible for Editor in 0.22 ms, found 0 plugins.
Preloading 0 native plugins for Editor in 0.00 ms.
Unloading 1112 Unused Serialized files (Serialized files now loaded: 0)
System memory in use before: 57.2 MB.
System memory in use after: 57.3 MB.

Unloading 5 unused Assets to reduce memory usage. Loaded Objects now: 1589.
Total: 1.368700 ms (FindLiveObjects: 0.133600 ms CreateObjectMapping: 0.025100 ms MarkObjects: 1.164600 ms  DeleteObjects: 0.044400 ms)

========================================================================
Received Prepare
Registering precompiled user dll's ...
Registered in 0.000763 seconds.
Begin MonoManager ReloadAssembly
Native extension for WindowsStandalone target not found
Refreshing native plugins compatible for Editor in 0.21 ms, found 0 plugins.
Preloading 0 native plugins for Editor in 0.00 ms.
Mono: successfully reloaded assembly
- Completed reload, in  0.809 seconds
Platform modules already initialized, skipping
Refreshing native plugins compatible for Editor in 0.27 ms, found 0 plugins.
Preloading 0 native plugins for Editor in 0.00 ms.
Unloading 1112 Unused Serialized files (Serialized files now loaded: 0)
System memory in use before: 57.2 MB.
System memory in use after: 57.3 MB.

Unloading 5 unused Assets to reduce memory usage. Loaded Objects now: 1592.
Total: 1.592200 ms (FindLiveObjects: 0.140100 ms CreateObjectMapping: 0.026300 ms MarkObjects: 1.371800 ms  DeleteObjects: 0.053000 ms)

========================================================================
Received Prepare
Registering precompiled user dll's ...
Registered in 0.000629 seconds.
Begin MonoManager ReloadAssembly
Native extension for WindowsStandalone target not found
Refreshing native plugins compatible for Editor in 0.85 ms, found 0 plugins.
Preloading 0 native plugins for Editor in 0.00 ms.
Mono: successfully reloaded assembly
- Completed reload, in  0.805 seconds
Platform modules already initialized, skipping
Refreshing native plugins compatible for Editor in 0.27 ms, found 0 plugins.
Preloading 0 native plugins for Editor in 0.00 ms.
Unloading 1112 Unused Serialized files (Serialized files now loaded: 0)
System memory in use before: 57.2 MB.
System memory in use after: 57.3 MB.

Unloading 5 unused Assets to reduce memory usage. Loaded Objects now: 1595.
Total: 1.536900 ms (FindLiveObjects: 0.132800 ms CreateObjectMapping: 0.025700 ms MarkObjects: 1.334600 ms  DeleteObjects: 0.042700 ms)

========================================================================
Received Prepare
Registering precompiled user dll's ...
Registered in 0.001048 seconds.
Begin MonoManager ReloadAssembly
Native extension for WindowsStandalone target not found
Refreshing native plugins compatible for Editor in 0.25 ms, found 0 plugins.
Preloading 0 native plugins for Editor in 0.00 ms.
Mono: successfully reloaded assembly
- Completed reload, in  0.816 seconds
Platform modules already initialized, skipping
Refreshing native plugins compatible for Editor in 0.27 ms, found 0 plugins.
Preloading 0 native plugins for Editor in 0.00 ms.
Unloading 1112 Unused Serialized files (Serialized files now loaded: 0)
System memory in use before: 57.2 MB.
System memory in use after: 57.3 MB.

Unloading 5 unused Assets to reduce memory usage. Loaded Objects now: 1598.
Total: 2.068300 ms (FindLiveObjects: 0.218700 ms CreateObjectMapping: 0.039100 ms MarkObjects: 1.745400 ms  DeleteObjects: 0.063700 ms)

========================================================================
Received Prepare
Registering precompiled user dll's ...
Registered in 0.000593 seconds.
Begin MonoManager ReloadAssembly
Native extension for WindowsStandalone target not found
Refreshing native plugins compatible for Editor in 0.29 ms, found 0 plugins.
Preloading 0 native plugins for Editor in 0.00 ms.
Mono: successfully reloaded assembly
- Completed reload, in  0.732 seconds
Platform modules already initialized, skipping
Refreshing native plugins compatible for Editor in 0.20 ms, found 0 plugins.
Preloading 0 native plugins for Editor in 0.00 ms.
Unloading 1112 Unused Serialized files (Serialized files now loaded: 0)
System memory in use before: 57.2 MB.
System memory in use after: 57.3 MB.

Unloading 5 unused Assets to reduce memory usage. Loaded Objects now: 1601.
Total: 1.331700 ms (FindLiveObjects: 0.117800 ms CreateObjectMapping: 0.025800 ms MarkObjects: 1.145800 ms  DeleteObjects: 0.041300 ms)

========================================================================
Received Prepare
Registering precompiled user dll's ...
Registered in 0.000909 seconds.
Begin MonoManager ReloadAssembly
Native extension for WindowsStandalone target not found
Refreshing native plugins compatible for Editor in 0.20 ms, found 0 plugins.
Preloading 0 native plugins for Editor in 0.00 ms.
Mono: successfully reloaded assembly
- Completed reload, in  0.722 seconds
Platform modules already initialized, skipping
Refreshing native plugins compatible for Editor in 0.19 ms, found 0 plugins.
Preloading 0 native plugins for Editor in 0.00 ms.
Unloading 1112 Unused Serialized files (Serialized files now loaded: 0)
System memory in use before: 57.2 MB.
System memory in use after: 57.3 MB.

Unloading 5 unused Assets to reduce memory usage. Loaded Objects now: 1604.
Total: 1.326600 ms (FindLiveObjects: 0.117200 ms CreateObjectMapping: 0.025000 ms MarkObjects: 1.143400 ms  DeleteObjects: 0.040200 ms)

========================================================================
Received Prepare
Registering precompiled user dll's ...
Registered in 0.000864 seconds.
Begin MonoManager ReloadAssembly
Native extension for WindowsStandalone target not found
Refreshing native plugins compatible for Editor in 0.20 ms, found 0 plugins.
Preloading 0 native plugins for Editor in 0.00 ms.
Mono: successfully reloaded assembly
- Completed reload, in  0.719 seconds
Platform modules already initialized, skipping
Refreshing native plugins compatible for Editor in 0.19 ms, found 0 plugins.
Preloading 0 native plugins for Editor in 0.00 ms.
Unloading 1112 Unused Serialized files (Serialized files now loaded: 0)
System memory in use before: 57.2 MB.
System memory in use after: 57.3 MB.

Unloading 5 unused Assets to reduce memory usage. Loaded Objects now: 1607.
Total: 1.340700 ms (FindLiveObjects: 0.114500 ms CreateObjectMapping: 0.024900 ms MarkObjects: 1.160300 ms  DeleteObjects: 0.040100 ms)

========================================================================
Received Prepare
Registering precompiled user dll's ...
Registered in 0.000546 seconds.
Begin MonoManager ReloadAssembly
Native extension for WindowsStandalone target not found
Refreshing native plugins compatible for Editor in 0.22 ms, found 0 plugins.
Preloading 0 native plugins for Editor in 0.00 ms.
Mono: successfully reloaded assembly
- Completed reload, in  0.757 seconds
Platform modules already initialized, skipping
Refreshing native plugins compatible for Editor in 0.35 ms, found 0 plugins.
Preloading 0 native plugins for Editor in 0.00 ms.
Unloading 1112 Unused Serialized files (Serialized files now loaded: 0)
System memory in use before: 57.2 MB.
System memory in use after: 57.3 MB.

Unloading 5 unused Assets to reduce memory usage. Loaded Objects now: 1610.
Total: 1.410900 ms (FindLiveObjects: 0.134500 ms CreateObjectMapping: 0.025300 ms MarkObjects: 1.204400 ms  DeleteObjects: 0.045800 ms)

========================================================================
Received Prepare
Registering precompiled user dll's ...
Registered in 0.000549 seconds.
Begin MonoManager ReloadAssembly
Native extension for WindowsStandalone target not found
Refreshing native plugins compatible for Editor in 0.20 ms, found 0 plugins.
Preloading 0 native plugins for Editor in 0.00 ms.
Mono: successfully reloaded assembly
- Completed reload, in  0.662 seconds
Platform modules already initialized, skipping
Refreshing native plugins compatible for Editor in 0.20 ms, found 0 plugins.
Preloading 0 native plugins for Editor in 0.00 ms.
Unloading 1112 Unused Serialized files (Serialized files now loaded: 0)
System memory in use before: 57.2 MB.
System memory in use after: 57.3 MB.

Unloading 5 unused Assets to reduce memory usage. Loaded Objects now: 1613.
Total: 1.364300 ms (FindLiveObjects: 0.125300 ms CreateObjectMapping: 0.028800 ms MarkObjects: 1.155900 ms  DeleteObjects: 0.053200 ms)

========================================================================
Received Import Request.
  Time since last request: 695.863390 seconds.
  path: Assets/Prefabs/Enemy.prefab
  artifactKey: Guid(953aed867a94c9f4bbaebf94475024fc) Importer(815301076,1909f56bfc062723c751e8b465ee728b)
Start importing Assets/Prefabs/Enemy.prefab using Guid(953aed867a94c9f4bbaebf94475024fc) Importer(815301076,1909f56bfc062723c751e8b465ee728b)  -> (artifact id: 'b786022f86e82dec2e437f6d211097d3') in 0.085411 seconds
  Import took 0.087867 seconds .

========================================================================
Received Prepare
Registering precompiled user dll's ...
Registered in 0.000601 seconds.
Begin MonoManager ReloadAssembly
Native extension for WindowsStandalone target not found
Refreshing native plugins compatible for Editor in 0.20 ms, found 0 plugins.
Preloading 0 native plugins for Editor in 0.00 ms.
Mono: successfully reloaded assembly
- Completed reload, in  0.708 seconds
Platform modules already initialized, skipping
Refreshing native plugins compatible for Editor in 0.19 ms, found 0 plugins.
Preloading 0 native plugins for Editor in 0.00 ms.
Unloading 1113 Unused Serialized files (Serialized files now loaded: 0)
System memory in use before: 60.4 MB.
System memory in use after: 60.5 MB.

Unloading 5 unused Assets to reduce memory usage. Loaded Objects now: 1625.
Total: 1.509800 ms (FindLiveObjects: 0.125500 ms CreateObjectMapping: 0.025700 ms MarkObjects: 1.310600 ms  DeleteObjects: 0.047200 ms)

========================================================================
Received Prepare
Registering precompiled user dll's ...
Registered in 0.000642 seconds.
Begin MonoManager ReloadAssembly
Native extension for WindowsStandalone target not found
Refreshing native plugins compatible for Editor in 0.20 ms, found 0 plugins.
Preloading 0 native plugins for Editor in 0.00 ms.
Mono: successfully reloaded assembly
- Completed reload, in  0.717 seconds
Platform modules already initialized, skipping
Refreshing native plugins compatible for Editor in 0.26 ms, found 0 plugins.
Preloading 0 native plugins for Editor in 0.00 ms.
Unloading 1113 Unused Serialized files (Serialized files now loaded: 0)
System memory in use before: 60.4 MB.
System memory in use after: 60.5 MB.

Unloading 5 unused Assets to reduce memory usage. Loaded Objects now: 1628.
Total: 1.748400 ms (FindLiveObjects: 0.177700 ms CreateObjectMapping: 0.029100 ms MarkObjects: 1.483000 ms  DeleteObjects: 0.057000 ms)

========================================================================
Received Prepare
Registering precompiled user dll's ...
Registered in 0.000549 seconds.
Begin MonoManager ReloadAssembly
Native extension for WindowsStandalone target not found
Refreshing native plugins compatible for Editor in 0.29 ms, found 0 plugins.
Preloading 0 native plugins for Editor in 0.00 ms.
Mono: successfully reloaded assembly
- Completed reload, in  0.726 seconds
Platform modules already initialized, skipping
Refreshing native plugins compatible for Editor in 0.21 ms, found 0 plugins.
Preloading 0 native plugins for Editor in 0.00 ms.
Unloading 1114 Unused Serialized files (Serialized files now loaded: 0)
System memory in use before: 60.4 MB.
System memory in use after: 60.5 MB.

Unloading 5 unused Assets to reduce memory usage. Loaded Objects now: 1632.
Total: 1.454200 ms (FindLiveObjects: 0.152800 ms CreateObjectMapping: 0.027200 ms MarkObjects: 1.224800 ms  DeleteObjects: 0.047600 ms)

========================================================================
Received Prepare
Registering precompiled user dll's ...
Registered in 0.000644 seconds.
Begin MonoManager ReloadAssembly
Native extension for WindowsStandalone target not found
Refreshing native plugins compatible for Editor in 0.20 ms, found 0 plugins.
Preloading 0 native plugins for Editor in 0.00 ms.
Mono: successfully reloaded assembly
- Completed reload, in  0.738 seconds
Platform modules already initialized, skipping
Refreshing native plugins compatible for Editor in 0.24 ms, found 0 plugins.
Preloading 0 native plugins for Editor in 0.00 ms.
Unloading 1114 Unused Serialized files (Serialized files now loaded: 0)
System memory in use before: 60.4 MB.
System memory in use after: 60.5 MB.

Unloading 5 unused Assets to reduce memory usage. Loaded Objects now: 1635.
Total: 1.659000 ms (FindLiveObjects: 0.180500 ms CreateObjectMapping: 0.026500 ms MarkObjects: 1.399800 ms  DeleteObjects: 0.050700 ms)

========================================================================
Received Prepare
Registering precompiled user dll's ...
Registered in 0.000611 seconds.
Begin MonoManager ReloadAssembly
Native extension for WindowsStandalone target not found
Refreshing native plugins compatible for Editor in 0.23 ms, found 0 plugins.
Preloading 0 native plugins for Editor in 0.00 ms.
Mono: successfully reloaded assembly
- Completed reload, in  0.729 seconds
Platform modules already initialized, skipping
Refreshing native plugins compatible for Editor in 0.24 ms, found 0 plugins.
Preloading 0 native plugins for Editor in 0.00 ms.
Unloading 1114 Unused Serialized files (Serialized files now loaded: 0)
System memory in use before: 60.4 MB.
System memory in use after: 60.5 MB.

Unloading 5 unused Assets to reduce memory usage. Loaded Objects now: 1638.
Total: 1.762100 ms (FindLiveObjects: 0.188200 ms CreateObjectMapping: 0.030400 ms MarkObjects: 1.472700 ms  DeleteObjects: 0.069600 ms)

========================================================================
Received Prepare
Registering precompiled user dll's ...
Registered in 0.000560 seconds.
Begin MonoManager ReloadAssembly
Native extension for WindowsStandalone target not found
Refreshing native plugins compatible for Editor in 0.20 ms, found 0 plugins.
Preloading 0 native plugins for Editor in 0.00 ms.
Mono: successfully reloaded assembly
- Completed reload, in  0.716 seconds
Platform modules already initialized, skipping
Refreshing native plugins compatible for Editor in 0.19 ms, found 0 plugins.
Preloading 0 native plugins for Editor in 0.00 ms.
Unloading 1114 Unused Serialized files (Serialized files now loaded: 0)
System memory in use before: 60.4 MB.
System memory in use after: 60.5 MB.

Unloading 5 unused Assets to reduce memory usage. Loaded Objects now: 1641.
Total: 1.430500 ms (FindLiveObjects: 0.133000 ms CreateObjectMapping: 0.030200 ms MarkObjects: 1.221800 ms  DeleteObjects: 0.044600 ms)

========================================================================
Received Prepare
Registering precompiled user dll's ...
Registered in 0.000719 seconds.
Begin MonoManager ReloadAssembly
Native extension for WindowsStandalone target not found
Refreshing native plugins compatible for Editor in 0.23 ms, found 0 plugins.
Preloading 0 native plugins for Editor in 0.00 ms.
Mono: successfully reloaded assembly
- Completed reload, in  0.712 seconds
Platform modules already initialized, skipping
Refreshing native plugins compatible for Editor in 0.28 ms, found 0 plugins.
Preloading 0 native plugins for Editor in 0.00 ms.
Unloading 1114 Unused Serialized files (Serialized files now loaded: 0)
System memory in use before: 60.4 MB.
System memory in use after: 60.5 MB.

Unloading 5 unused Assets to reduce memory usage. Loaded Objects now: 1644.
Total: 1.647500 ms (FindLiveObjects: 0.161900 ms CreateObjectMapping: 0.026600 ms MarkObjects: 1.410800 ms  DeleteObjects: 0.046900 ms)

========================================================================
Received Prepare
Registering precompiled user dll's ...
Registered in 0.000746 seconds.
Begin MonoManager ReloadAssembly
Native extension for WindowsStandalone target not found
Refreshing native plugins compatible for Editor in 0.20 ms, found 0 plugins.
Preloading 0 native plugins for Editor in 0.00 ms.
Mono: successfully reloaded assembly
- Completed reload, in  0.713 seconds
Platform modules already initialized, skipping
Refreshing native plugins compatible for Editor in 0.24 ms, found 0 plugins.
Preloading 0 native plugins for Editor in 0.00 ms.
Unloading 1114 Unused Serialized files (Serialized files now loaded: 0)
System memory in use before: 60.4 MB.
System memory in use after: 60.5 MB.

Unloading 5 unused Assets to reduce memory usage. Loaded Objects now: 1647.
Total: 1.339600 ms (FindLiveObjects: 0.115900 ms CreateObjectMapping: 0.025400 ms MarkObjects: 1.159400 ms  DeleteObjects: 0.038200 ms)

========================================================================
Received Prepare
Registering precompiled user dll's ...
Registered in 0.000705 seconds.
Begin MonoManager ReloadAssembly
Native extension for WindowsStandalone target not found
Refreshing native plugins compatible for Editor in 0.22 ms, found 0 plugins.
Preloading 0 native plugins for Editor in 0.00 ms.
Mono: successfully reloaded assembly
- Completed reload, in  0.709 seconds
Platform modules already initialized, skipping
Refreshing native plugins compatible for Editor in 0.28 ms, found 0 plugins.
Preloading 0 native plugins for Editor in 0.00 ms.
Unloading 1114 Unused Serialized files (Serialized files now loaded: 0)
System memory in use before: 60.4 MB.
System memory in use after: 60.5 MB.

Unloading 5 unused Assets to reduce memory usage. Loaded Objects now: 1650.
Total: 1.716200 ms (FindLiveObjects: 0.224000 ms CreateObjectMapping: 0.040400 ms MarkObjects: 1.402400 ms  DeleteObjects: 0.048000 ms)

========================================================================
Received Prepare
Registering precompiled user dll's ...
Registered in 0.000768 seconds.
Begin MonoManager ReloadAssembly
Native extension for WindowsStandalone target not found
Refreshing native plugins compatible for Editor in 0.21 ms, found 0 plugins.
Preloading 0 native plugins for Editor in 0.00 ms.
Mono: successfully reloaded assembly
- Completed reload, in  0.669 seconds
Platform modules already initialized, skipping
Refreshing native plugins compatible for Editor in 0.23 ms, found 0 plugins.
Preloading 0 native plugins for Editor in 0.00 ms.
Unloading 1114 Unused Serialized files (Serialized files now loaded: 0)
System memory in use before: 60.5 MB.
System memory in use after: 60.5 MB.

Unloading 5 unused Assets to reduce memory usage. Loaded Objects now: 1653.
Total: 2.121400 ms (FindLiveObjects: 0.181200 ms CreateObjectMapping: 0.038000 ms MarkObjects: 1.840500 ms  DeleteObjects: 0.060100 ms)

========================================================================
Received Import Request.
  Time since last request: 1805.701752 seconds.
  path: Assets/Animators
  artifactKey: Guid(6f7e4e5f76866194fa76419bd85dc76c) Importer(815301076,1909f56bfc062723c751e8b465ee728b)
Start importing Assets/Animators using Guid(6f7e4e5f76866194fa76419bd85dc76c) Importer(815301076,1909f56bfc062723c751e8b465ee728b)  -> (artifact id: 'cb7155cc5987960055998ca338b6182e') in 0.009062 seconds
  Import took 0.011098 seconds .

========================================================================
Received Import Request.
  Time since last request: 69.867064 seconds.
  path: Assets/Animators/EnemyAnimator.controller
  artifactKey: Guid(604f302141b933b479e38cd921ec7f9a) Importer(815301076,1909f56bfc062723c751e8b465ee728b)
Start importing Assets/Animators/EnemyAnimator.controller using Guid(604f302141b933b479e38cd921ec7f9a) Importer(815301076,1909f56bfc062723c751e8b465ee728b)  -> (artifact id: '120945da0908999e3019d5251c3add1b') in 0.017347 seconds
  Import took 0.020579 seconds .

========================================================================
Received Import Request.
  Time since last request: 38.550161 seconds.
  path: Assets/Animations
  artifactKey: Guid(0f5fc746ba1d1b241b984affedfe9704) Importer(815301076,1909f56bfc062723c751e8b465ee728b)
Start importing Assets/Animations using Guid(0f5fc746ba1d1b241b984affedfe9704) Importer(815301076,1909f56bfc062723c751e8b465ee728b)  -> (artifact id: '44050f193572a25a922a0a916d0967c7') in 0.006722 seconds
  Import took 0.009384 seconds .

========================================================================
Received Import Request.
  Time since last request: 6.988642 seconds.
  path: Assets/Animations/New Animation.anim
  artifactKey: Guid(f503fa762d8602946ad66b4716aec2e0) Importer(815301076,1909f56bfc062723c751e8b465ee728b)
Start importing Assets/Animations/New Animation.anim using Guid(f503fa762d8602946ad66b4716aec2e0) Importer(815301076,1909f56bfc062723c751e8b465ee728b)  -> (artifact id: '029ba5bd6a30c432fd3f6559323b035a') in 0.008330 seconds
  Import took 0.010982 seconds .

========================================================================
Received Import Request.
  Time since last request: 0.003729 seconds.
  path: Assets/Animations/New Animation.anim
  artifactKey: Guid(f503fa762d8602946ad66b4716aec2e0) Importer(815301076,1909f56bfc062723c751e8b465ee728b)
Start importing Assets/Animations/New Animation.anim using Guid(f503fa762d8602946ad66b4716aec2e0) Importer(815301076,1909f56bfc062723c751e8b465ee728b)  -> (artifact id: '029ba5bd6a30c432fd3f6559323b035a') in 0.002854 seconds
  Import took 0.005247 seconds .

========================================================================
Received Import Request.
  Time since last request: 10.769590 seconds.
  path: Assets/Animations/Attack.anim
  artifactKey: Guid(f503fa762d8602946ad66b4716aec2e0) Importer(815301076,1909f56bfc062723c751e8b465ee728b)
Start importing Assets/Animations/Attack.anim using Guid(f503fa762d8602946ad66b4716aec2e0) Importer(815301076,1909f56bfc062723c751e8b465ee728b)  -> (artifact id: '462bd17f25c110148c4f8f70566c748e') in 0.008116 seconds
  Import took 0.010070 seconds .

========================================================================
Received Import Request.
  Time since last request: 127.647587 seconds.
  path: Assets/Animations/EnemyAttack.anim
  artifactKey: Guid(58a401d5f71c0184d8f2aafa1e1a021d) Importer(815301076,1909f56bfc062723c751e8b465ee728b)
Start importing Assets/Animations/EnemyAttack.anim using Guid(58a401d5f71c0184d8f2aafa1e1a021d) Importer(815301076,1909f56bfc062723c751e8b465ee728b)  -> (artifact id: '4d6c6a254806ae6c09737e46eb2adc56') in 0.009420 seconds
  Import took 0.012777 seconds .

========================================================================
Received Import Request.
  Time since last request: 0.002579 seconds.
  path: Assets/Animations/EnemyAttack.anim
  artifactKey: Guid(58a401d5f71c0184d8f2aafa1e1a021d) Importer(815301076,1909f56bfc062723c751e8b465ee728b)
Start importing Assets/Animations/EnemyAttack.anim using Guid(58a401d5f71c0184d8f2aafa1e1a021d) Importer(815301076,1909f56bfc062723c751e8b465ee728b)  -> (artifact id: '4d6c6a254806ae6c09737e46eb2adc56') in 0.002717 seconds
  Import took 0.005947 seconds .

========================================================================
Received Prepare
Registering precompiled user dll's ...
Registered in 0.000574 seconds.
Begin MonoManager ReloadAssembly
Native extension for WindowsStandalone target not found
Refreshing native plugins compatible for Editor in 0.20 ms, found 0 plugins.
Preloading 0 native plugins for Editor in 0.00 ms.
Mono: successfully reloaded assembly
- Completed reload, in  0.760 seconds
Platform modules already initialized, skipping
Refreshing native plugins compatible for Editor in 0.23 ms, found 0 plugins.
Preloading 0 native plugins for Editor in 0.00 ms.
Unloading 1115 Unused Serialized files (Serialized files now loaded: 0)
System memory in use before: 60.5 MB.
System memory in use after: 60.5 MB.

Unloading 5 unused Assets to reduce memory usage. Loaded Objects now: 1657.
Total: 1.814500 ms (FindLiveObjects: 0.307400 ms CreateObjectMapping: 0.055800 ms MarkObjects: 1.397500 ms  DeleteObjects: 0.052200 ms)

========================================================================
Received Prepare
Registering precompiled user dll's ...
Registered in 0.000587 seconds.
Begin MonoManager ReloadAssembly
Native extension for WindowsStandalone target not found
Refreshing native plugins compatible for Editor in 0.20 ms, found 0 plugins.
Preloading 0 native plugins for Editor in 0.00 ms.
Mono: successfully reloaded assembly
- Completed reload, in  0.743 seconds
Platform modules already initialized, skipping
Refreshing native plugins compatible for Editor in 0.21 ms, found 0 plugins.
Preloading 0 native plugins for Editor in 0.00 ms.
Unloading 1116 Unused Serialized files (Serialized files now loaded: 0)
System memory in use before: 60.5 MB.
System memory in use after: 60.6 MB.

Unloading 5 unused Assets to reduce memory usage. Loaded Objects now: 1661.
Total: 1.742000 ms (FindLiveObjects: 0.158900 ms CreateObjectMapping: 0.027300 ms MarkObjects: 1.494700 ms  DeleteObjects: 0.060000 ms)

========================================================================
Received Import Request.
  Time since last request: 467.676629 seconds.
  path: Assets/Animations/EnemyIdle.anim
  artifactKey: Guid(ba7232fbef43c3c40b36566bfcd631d8) Importer(815301076,1909f56bfc062723c751e8b465ee728b)
Start importing Assets/Animations/EnemyIdle.anim using Guid(ba7232fbef43c3c40b36566bfcd631d8) Importer(815301076,1909f56bfc062723c751e8b465ee728b)  -> (artifact id: 'af5556c46be7a3ddf18310373ce18dd3') in 0.015953 seconds
  Import took 0.019769 seconds .

========================================================================
Received Import Request.
  Time since last request: 0.000709 seconds.
  path: Assets/Animations/EnemyIdle.anim
  artifactKey: Guid(ba7232fbef43c3c40b36566bfcd631d8) Importer(815301076,1909f56bfc062723c751e8b465ee728b)
Start importing Assets/Animations/EnemyIdle.anim using Guid(ba7232fbef43c3c40b36566bfcd631d8) Importer(815301076,1909f56bfc062723c751e8b465ee728b)  -> (artifact id: 'af5556c46be7a3ddf18310373ce18dd3') in 0.002603 seconds
  Import took 0.005844 seconds .

========================================================================
Received Prepare
Registering precompiled user dll's ...
Registered in 0.000717 seconds.
Begin MonoManager ReloadAssembly
Native extension for WindowsStandalone target not found
Refreshing native plugins compatible for Editor in 0.21 ms, found 0 plugins.
Preloading 0 native plugins for Editor in 0.00 ms.
Mono: successfully reloaded assembly
- Completed reload, in  0.683 seconds
Platform modules already initialized, skipping
Refreshing native plugins compatible for Editor in 0.20 ms, found 0 plugins.
Preloading 0 native plugins for Editor in 0.00 ms.
Unloading 1116 Unused Serialized files (Serialized files now loaded: 0)
System memory in use before: 60.5 MB.
System memory in use after: 60.6 MB.

Unloading 5 unused Assets to reduce memory usage. Loaded Objects now: 1664.
Total: 1.539500 ms (FindLiveObjects: 0.154600 ms CreateObjectMapping: 0.026200 ms MarkObjects: 1.306600 ms  DeleteObjects: 0.050700 ms)

========================================================================
Received Prepare
Registering precompiled user dll's ...
Registered in 0.000630 seconds.
Begin MonoManager ReloadAssembly
Native extension for WindowsStandalone target not found
Refreshing native plugins compatible for Editor in 0.20 ms, found 0 plugins.
Preloading 0 native plugins for Editor in 0.00 ms.
Mono: successfully reloaded assembly
- Completed reload, in  0.728 seconds
Platform modules already initialized, skipping
Refreshing native plugins compatible for Editor in 0.23 ms, found 0 plugins.
Preloading 0 native plugins for Editor in 0.00 ms.
Unloading 1116 Unused Serialized files (Serialized files now loaded: 0)
System memory in use before: 60.5 MB.
System memory in use after: 60.6 MB.

Unloading 5 unused Assets to reduce memory usage. Loaded Objects now: 1667.
Total: 2.068200 ms (FindLiveObjects: 0.194600 ms CreateObjectMapping: 0.029500 ms MarkObjects: 1.782900 ms  DeleteObjects: 0.059900 ms)

========================================================================
Received Import Request.
  Time since last request: 773.733657 seconds.
  path: Assets/Animators/EnemyAnimator.controller
  artifactKey: Guid(604f302141b933b479e38cd921ec7f9a) Importer(815301076,1909f56bfc062723c751e8b465ee728b)
Start importing Assets/Animators/EnemyAnimator.controller using Guid(604f302141b933b479e38cd921ec7f9a) Importer(815301076,1909f56bfc062723c751e8b465ee728b)  -> (artifact id: 'ea40ae2a77d6e2f827d6e0a9c2007c9e') in 0.013121 seconds
  Import took 0.016616 seconds .

========================================================================
Received Prepare
Registering precompiled user dll's ...
Registered in 0.000950 seconds.
Begin MonoManager ReloadAssembly
Native extension for WindowsStandalone target not found
Refreshing native plugins compatible for Editor in 0.23 ms, found 0 plugins.
Preloading 0 native plugins for Editor in 0.00 ms.
Mono: successfully reloaded assembly
- Completed reload, in  0.683 seconds
Platform modules already initialized, skipping
Refreshing native plugins compatible for Editor in 0.20 ms, found 0 plugins.
Preloading 0 native plugins for Editor in 0.00 ms.
Unloading 1116 Unused Serialized files (Serialized files now loaded: 0)
System memory in use before: 60.5 MB.
System memory in use after: 60.6 MB.

Unloading 5 unused Assets to reduce memory usage. Loaded Objects now: 1670.
Total: 1.351200 ms (FindLiveObjects: 0.116900 ms CreateObjectMapping: 0.025500 ms MarkObjects: 1.167700 ms  DeleteObjects: 0.040500 ms)

========================================================================
Received Prepare
Registering precompiled user dll's ...
Registered in 0.000554 seconds.
Begin MonoManager ReloadAssembly
Native extension for WindowsStandalone target not found
Refreshing native plugins compatible for Editor in 0.20 ms, found 0 plugins.
Preloading 0 native plugins for Editor in 0.00 ms.
Mono: successfully reloaded assembly
- Completed reload, in  0.674 seconds
Platform modules already initialized, skipping
Refreshing native plugins compatible for Editor in 0.19 ms, found 0 plugins.
Preloading 0 native plugins for Editor in 0.00 ms.
Unloading 1116 Unused Serialized files (Serialized files now loaded: 0)
System memory in use before: 60.5 MB.
System memory in use after: 60.6 MB.

Unloading 5 unused Assets to reduce memory usage. Loaded Objects now: 1673.
Total: 1.430600 ms (FindLiveObjects: 0.130100 ms CreateObjectMapping: 0.031100 ms MarkObjects: 1.228000 ms  DeleteObjects: 0.040500 ms)

========================================================================
Received Prepare
Registering precompiled user dll's ...
Registered in 0.000553 seconds.
Begin MonoManager ReloadAssembly
Native extension for WindowsStandalone target not found
Refreshing native plugins compatible for Editor in 0.20 ms, found 0 plugins.
Preloading 0 native plugins for Editor in 0.00 ms.
Mono: successfully reloaded assembly
- Completed reload, in  0.651 seconds
Platform modules already initialized, skipping
Refreshing native plugins compatible for Editor in 0.28 ms, found 0 plugins.
Preloading 0 native plugins for Editor in 0.00 ms.
Unloading 1116 Unused Serialized files (Serialized files now loaded: 0)
System memory in use before: 60.5 MB.
System memory in use after: 60.6 MB.

Unloading 5 unused Assets to reduce memory usage. Loaded Objects now: 1676.
Total: 1.519100 ms (FindLiveObjects: 0.155100 ms CreateObjectMapping: 0.031000 ms MarkObjects: 1.285300 ms  DeleteObjects: 0.046800 ms)

========================================================================
Received Prepare
Registering precompiled user dll's ...
Registered in 0.000564 seconds.
Begin MonoManager ReloadAssembly
Native extension for WindowsStandalone target not found
Refreshing native plugins compatible for Editor in 0.21 ms, found 0 plugins.
Preloading 0 native plugins for Editor in 0.00 ms.
Mono: successfully reloaded assembly
- Completed reload, in  0.669 seconds
Platform modules already initialized, skipping
Refreshing native plugins compatible for Editor in 0.20 ms, found 0 plugins.
Preloading 0 native plugins for Editor in 0.00 ms.
Unloading 1116 Unused Serialized files (Serialized files now loaded: 0)
System memory in use before: 60.5 MB.
System memory in use after: 60.6 MB.

Unloading 5 unused Assets to reduce memory usage. Loaded Objects now: 1679.
Total: 1.494200 ms (FindLiveObjects: 0.152700 ms CreateObjectMapping: 0.026000 ms MarkObjects: 1.267300 ms  DeleteObjects: 0.046400 ms)

========================================================================
Received Prepare
Registering precompiled user dll's ...
Registered in 0.000588 seconds.
Begin MonoManager ReloadAssembly
Native extension for WindowsStandalone target not found
Refreshing native plugins compatible for Editor in 0.20 ms, found 0 plugins.
Preloading 0 native plugins for Editor in 0.00 ms.
Mono: successfully reloaded assembly
- Completed reload, in  0.699 seconds
Platform modules already initialized, skipping
Refreshing native plugins compatible for Editor in 0.20 ms, found 0 plugins.
Preloading 0 native plugins for Editor in 0.00 ms.
Unloading 1116 Unused Serialized files (Serialized files now loaded: 0)
System memory in use before: 60.5 MB.
System memory in use after: 60.6 MB.

Unloading 5 unused Assets to reduce memory usage. Loaded Objects now: 1682.
Total: 1.581300 ms (FindLiveObjects: 0.151400 ms CreateObjectMapping: 0.026100 ms MarkObjects: 1.355100 ms  DeleteObjects: 0.047600 ms)

========================================================================
Received Prepare
Registering precompiled user dll's ...
Registered in 0.000605 seconds.
Begin MonoManager ReloadAssembly
Native extension for WindowsStandalone target not found
Refreshing native plugins compatible for Editor in 0.20 ms, found 0 plugins.
Preloading 0 native plugins for Editor in 0.00 ms.
Mono: successfully reloaded assembly
- Completed reload, in  0.648 seconds
Platform modules already initialized, skipping
Refreshing native plugins compatible for Editor in 0.20 ms, found 0 plugins.
Preloading 0 native plugins for Editor in 0.00 ms.
Unloading 1116 Unused Serialized files (Serialized files now loaded: 0)
System memory in use before: 60.5 MB.
System memory in use after: 60.6 MB.

Unloading 5 unused Assets to reduce memory usage. Loaded Objects now: 1685.
Total: 1.459500 ms (FindLiveObjects: 0.142700 ms CreateObjectMapping: 0.026300 ms MarkObjects: 1.238900 ms  DeleteObjects: 0.050400 ms)

========================================================================
Received Prepare
Registering precompiled user dll's ...
Registered in 0.000771 seconds.
Begin MonoManager ReloadAssembly
Native extension for WindowsStandalone target not found
Refreshing native plugins compatible for Editor in 0.20 ms, found 0 plugins.
Preloading 0 native plugins for Editor in 0.00 ms.
Mono: successfully reloaded assembly
- Completed reload, in  0.701 seconds
Platform modules already initialized, skipping
Refreshing native plugins compatible for Editor in 0.21 ms, found 0 plugins.
Preloading 0 native plugins for Editor in 0.00 ms.
Unloading 1116 Unused Serialized files (Serialized files now loaded: 0)
System memory in use before: 60.5 MB.
System memory in use after: 60.6 MB.

Unloading 5 unused Assets to reduce memory usage. Loaded Objects now: 1688.
Total: 1.566400 ms (FindLiveObjects: 0.123400 ms CreateObjectMapping: 0.025800 ms MarkObjects: 1.358900 ms  DeleteObjects: 0.057300 ms)

========================================================================
Received Prepare
Registering precompiled user dll's ...
Registered in 0.000589 seconds.
Begin MonoManager ReloadAssembly
Native extension for WindowsStandalone target not found
Refreshing native plugins compatible for Editor in 0.32 ms, found 0 plugins.
Preloading 0 native plugins for Editor in 0.00 ms.
Mono: successfully reloaded assembly
- Completed reload, in  0.757 seconds
Platform modules already initialized, skipping
Refreshing native plugins compatible for Editor in 0.20 ms, found 0 plugins.
Preloading 0 native plugins for Editor in 0.00 ms.
Unloading 1116 Unused Serialized files (Serialized files now loaded: 0)
System memory in use before: 60.6 MB.
System memory in use after: 60.6 MB.

Unloading 5 unused Assets to reduce memory usage. Loaded Objects now: 1691.
Total: 1.510000 ms (FindLiveObjects: 0.121900 ms CreateObjectMapping: 0.026200 ms MarkObjects: 1.318300 ms  DeleteObjects: 0.042700 ms)

========================================================================
Received Prepare
Registering precompiled user dll's ...
Registered in 0.000577 seconds.
Begin MonoManager ReloadAssembly
Native extension for WindowsStandalone target not found
Refreshing native plugins compatible for Editor in 0.20 ms, found 0 plugins.
Preloading 0 native plugins for Editor in 0.00 ms.
Mono: successfully reloaded assembly
- Completed reload, in  0.696 seconds
Platform modules already initialized, skipping
Refreshing native plugins compatible for Editor in 0.20 ms, found 0 plugins.
Preloading 0 native plugins for Editor in 0.00 ms.
Unloading 1116 Unused Serialized files (Serialized files now loaded: 0)
System memory in use before: 60.6 MB.
System memory in use after: 60.6 MB.

Unloading 5 unused Assets to reduce memory usage. Loaded Objects now: 1694.
Total: 1.417600 ms (FindLiveObjects: 0.146500 ms CreateObjectMapping: 0.025100 ms MarkObjects: 1.201400 ms  DeleteObjects: 0.043600 ms)

========================================================================
Received Prepare
Registering precompiled user dll's ...
Registered in 0.000581 seconds.
Begin MonoManager ReloadAssembly
Native extension for WindowsStandalone target not found
Refreshing native plugins compatible for Editor in 0.31 ms, found 0 plugins.
Preloading 0 native plugins for Editor in 0.00 ms.
Mono: successfully reloaded assembly
- Completed reload, in  0.696 seconds
Platform modules already initialized, skipping
Refreshing native plugins compatible for Editor in 0.20 ms, found 0 plugins.
Preloading 0 native plugins for Editor in 0.00 ms.
Unloading 1116 Unused Serialized files (Serialized files now loaded: 0)
System memory in use before: 60.6 MB.
System memory in use after: 60.6 MB.

Unloading 5 unused Assets to reduce memory usage. Loaded Objects now: 1697.
Total: 1.775400 ms (FindLiveObjects: 0.158600 ms CreateObjectMapping: 0.027500 ms MarkObjects: 1.513400 ms  DeleteObjects: 0.074900 ms)

========================================================================
Received Prepare
Registering precompiled user dll's ...
Registered in 0.000569 seconds.
Begin MonoManager ReloadAssembly
Native extension for WindowsStandalone target not found
Refreshing native plugins compatible for Editor in 0.20 ms, found 0 plugins.
Preloading 0 native plugins for Editor in 0.00 ms.
Mono: successfully reloaded assembly
- Completed reload, in  0.714 seconds
Platform modules already initialized, skipping
Refreshing native plugins compatible for Editor in 0.22 ms, found 0 plugins.
Preloading 0 native plugins for Editor in 0.00 ms.
Unloading 1116 Unused Serialized files (Serialized files now loaded: 0)
System memory in use before: 60.6 MB.
System memory in use after: 60.6 MB.

Unloading 5 unused Assets to reduce memory usage. Loaded Objects now: 1700.
Total: 1.836700 ms (FindLiveObjects: 0.164500 ms CreateObjectMapping: 0.029100 ms MarkObjects: 1.589700 ms  DeleteObjects: 0.052400 ms)

========================================================================
Received Prepare
Registering precompiled user dll's ...
Registered in 0.000546 seconds.
Begin MonoManager ReloadAssembly
Native extension for WindowsStandalone target not found
Refreshing native plugins compatible for Editor in 0.19 ms, found 0 plugins.
Preloading 0 native plugins for Editor in 0.00 ms.
Mono: successfully reloaded assembly
- Completed reload, in  0.720 seconds
Platform modules already initialized, skipping
Refreshing native plugins compatible for Editor in 0.23 ms, found 0 plugins.
Preloading 0 native plugins for Editor in 0.00 ms.
Unloading 1116 Unused Serialized files (Serialized files now loaded: 0)
System memory in use before: 60.6 MB.
System memory in use after: 60.6 MB.

Unloading 5 unused Assets to reduce memory usage. Loaded Objects now: 1703.
Total: 1.432800 ms (FindLiveObjects: 0.127200 ms CreateObjectMapping: 0.026700 ms MarkObjects: 1.228200 ms  DeleteObjects: 0.050100 ms)

========================================================================
Received Prepare
Registering precompiled user dll's ...
Registered in 0.000748 seconds.
Begin MonoManager ReloadAssembly
Native extension for WindowsStandalone target not found
Refreshing native plugins compatible for Editor in 0.22 ms, found 0 plugins.
Preloading 0 native plugins for Editor in 0.00 ms.
Mono: successfully reloaded assembly
- Completed reload, in  0.731 seconds
Platform modules already initialized, skipping
Refreshing native plugins compatible for Editor in 0.22 ms, found 0 plugins.
Preloading 0 native plugins for Editor in 0.00 ms.
Unloading 1116 Unused Serialized files (Serialized files now loaded: 0)
System memory in use before: 60.6 MB.
System memory in use after: 60.7 MB.

Unloading 5 unused Assets to reduce memory usage. Loaded Objects now: 1706.
Total: 1.697000 ms (FindLiveObjects: 0.212400 ms CreateObjectMapping: 0.036400 ms MarkObjects: 1.398700 ms  DeleteObjects: 0.048500 ms)

========================================================================
Received Prepare
Registering precompiled user dll's ...
Registered in 0.000721 seconds.
Begin MonoManager ReloadAssembly
Native extension for WindowsStandalone target not found
Refreshing native plugins compatible for Editor in 0.20 ms, found 0 plugins.
Preloading 0 native plugins for Editor in 0.00 ms.
Mono: successfully reloaded assembly
- Completed reload, in  0.765 seconds
Platform modules already initialized, skipping
Refreshing native plugins compatible for Editor in 0.19 ms, found 0 plugins.
Preloading 0 native plugins for Editor in 0.00 ms.
Unloading 1116 Unused Serialized files (Serialized files now loaded: 0)
System memory in use before: 60.6 MB.
System memory in use after: 60.7 MB.

Unloading 5 unused Assets to reduce memory usage. Loaded Objects now: 1709.
Total: 1.374100 ms (FindLiveObjects: 0.131000 ms CreateObjectMapping: 0.026000 ms MarkObjects: 1.175300 ms  DeleteObjects: 0.041100 ms)

========================================================================
Received Prepare
Registering precompiled user dll's ...
Registered in 0.000570 seconds.
Begin MonoManager ReloadAssembly
Native extension for WindowsStandalone target not found
Refreshing native plugins compatible for Editor in 0.23 ms, found 0 plugins.
Preloading 0 native plugins for Editor in 0.00 ms.
Mono: successfully reloaded assembly
- Completed reload, in  0.738 seconds
Platform modules already initialized, skipping
Refreshing native plugins compatible for Editor in 0.24 ms, found 0 plugins.
Preloading 0 native plugins for Editor in 0.00 ms.
Unloading 1116 Unused Serialized files (Serialized files now loaded: 0)
System memory in use before: 60.6 MB.
System memory in use after: 60.7 MB.

Unloading 5 unused Assets to reduce memory usage. Loaded Objects now: 1712.
Total: 1.736700 ms (FindLiveObjects: 0.185300 ms CreateObjectMapping: 0.027900 ms MarkObjects: 1.465900 ms  DeleteObjects: 0.056200 ms)

========================================================================
Received Prepare
Registering precompiled user dll's ...
Registered in 0.000900 seconds.
Begin MonoManager ReloadAssembly
Native extension for WindowsStandalone target not found
Refreshing native plugins compatible for Editor in 0.32 ms, found 0 plugins.
Preloading 0 native plugins for Editor in 0.00 ms.
Mono: successfully reloaded assembly
- Completed reload, in  0.791 seconds
Platform modules already initialized, skipping
Refreshing native plugins compatible for Editor in 0.20 ms, found 0 plugins.
Preloading 0 native plugins for Editor in 0.00 ms.
Unloading 1116 Unused Serialized files (Serialized files now loaded: 0)
System memory in use before: 60.6 MB.
System memory in use after: 60.7 MB.

Unloading 5 unused Assets to reduce memory usage. Loaded Objects now: 1715.
Total: 1.452100 ms (FindLiveObjects: 0.149200 ms CreateObjectMapping: 0.034700 ms MarkObjects: 1.221700 ms  DeleteObjects: 0.045800 ms)

========================================================================
Received Prepare
Registering precompiled user dll's ...
Registered in 0.000544 seconds.
Begin MonoManager ReloadAssembly
Native extension for WindowsStandalone target not found
Refreshing native plugins compatible for Editor in 0.20 ms, found 0 plugins.
Preloading 0 native plugins for Editor in 0.00 ms.
Mono: successfully reloaded assembly
- Completed reload, in  0.725 seconds
Platform modules already initialized, skipping
Refreshing native plugins compatible for Editor in 0.20 ms, found 0 plugins.
Preloading 0 native plugins for Editor in 0.00 ms.
Unloading 1116 Unused Serialized files (Serialized files now loaded: 0)
System memory in use before: 60.7 MB.
System memory in use after: 60.7 MB.

Unloading 5 unused Assets to reduce memory usage. Loaded Objects now: 1718.
Total: 1.580500 ms (FindLiveObjects: 0.157700 ms CreateObjectMapping: 0.026700 ms MarkObjects: 1.345800 ms  DeleteObjects: 0.049000 ms)

========================================================================
Received Prepare
Registering precompiled user dll's ...
Registered in 0.000896 seconds.
Begin MonoManager ReloadAssembly
Native extension for WindowsStandalone target not found
Refreshing native plugins compatible for Editor in 0.21 ms, found 0 plugins.
Preloading 0 native plugins for Editor in 0.00 ms.
Mono: successfully reloaded assembly
- Completed reload, in  0.725 seconds
Platform modules already initialized, skipping
Refreshing native plugins compatible for Editor in 0.20 ms, found 0 plugins.
Preloading 0 native plugins for Editor in 0.00 ms.
Unloading 1116 Unused Serialized files (Serialized files now loaded: 0)
System memory in use before: 60.7 MB.
System memory in use after: 60.7 MB.

Unloading 5 unused Assets to reduce memory usage. Loaded Objects now: 1721.
Total: 1.383700 ms (FindLiveObjects: 0.131600 ms CreateObjectMapping: 0.026700 ms MarkObjects: 1.181500 ms  DeleteObjects: 0.042700 ms)

========================================================================
Received Prepare
Registering precompiled user dll's ...
Registered in 0.000599 seconds.
Begin MonoManager ReloadAssembly
Native extension for WindowsStandalone target not found
Refreshing native plugins compatible for Editor in 0.20 ms, found 0 plugins.
Preloading 0 native plugins for Editor in 0.00 ms.
Mono: successfully reloaded assembly
- Completed reload, in  0.743 seconds
Platform modules already initialized, skipping
Refreshing native plugins compatible for Editor in 0.20 ms, found 0 plugins.
Preloading 0 native plugins for Editor in 0.00 ms.
Unloading 1116 Unused Serialized files (Serialized files now loaded: 0)
System memory in use before: 60.7 MB.
System memory in use after: 60.7 MB.

Unloading 5 unused Assets to reduce memory usage. Loaded Objects now: 1724.
Total: 2.037300 ms (FindLiveObjects: 0.214300 ms CreateObjectMapping: 0.030100 ms MarkObjects: 1.721700 ms  DeleteObjects: 0.069400 ms)

========================================================================
Received Import Request.
  Time since last request: 1273.269928 seconds.
  path: Assets/Sprites
  artifactKey: Guid(c7ffb7c71a219d64a96f6bc68d6658f3) Importer(815301076,1909f56bfc062723c751e8b465ee728b)
Start importing Assets/Sprites using Guid(c7ffb7c71a219d64a96f6bc68d6658f3) Importer(815301076,1909f56bfc062723c751e8b465ee728b)  -> (artifact id: '22c5ab29bc035b2de5bb3ac553a9d146') in 0.007878 seconds
  Import took 0.011395 seconds .

========================================================================
Received Import Request.
  Time since last request: 0.001104 seconds.
  path: Assets/Sprites
  artifactKey: Guid(c7ffb7c71a219d64a96f6bc68d6658f3) Importer(815301076,1909f56bfc062723c751e8b465ee728b)
Start importing Assets/Sprites using Guid(c7ffb7c71a219d64a96f6bc68d6658f3) Importer(815301076,1909f56bfc062723c751e8b465ee728b)  -> (artifact id: '22c5ab29bc035b2de5bb3ac553a9d146') in 0.002831 seconds
  Import took 0.005870 seconds .

========================================================================
Received Import Request.
  Time since last request: 51.285076 seconds.
  path: Assets/blob2.png
  artifactKey: Guid(85d432979368b7b478272b293868bd14) Importer(815301076,1909f56bfc062723c751e8b465ee728b)
Start importing Assets/blob2.png using Guid(85d432979368b7b478272b293868bd14) Importer(815301076,1909f56bfc062723c751e8b465ee728b)  -> (artifact id: '0cf3d177eea881a626a1b0fc29b276f0') in 0.086286 seconds
  Import took 0.089491 seconds .

========================================================================
Received Import Request.
  Time since last request: 276.520817 seconds.
  path: Assets/Sprites/blob2.png
  artifactKey: Guid(85d432979368b7b478272b293868bd14) Importer(815301076,1909f56bfc062723c751e8b465ee728b)
Start importing Assets/Sprites/blob2.png using Guid(85d432979368b7b478272b293868bd14) Importer(815301076,1909f56bfc062723c751e8b465ee728b)  -> (artifact id: 'f82b7e148c9cceb9553107de3552ef35') in 0.014104 seconds
  Import took 0.018576 seconds .

========================================================================
Received Prepare
Registering precompiled user dll's ...
Registered in 0.000967 seconds.
Begin MonoManager ReloadAssembly
Native extension for WindowsStandalone target not found
Refreshing native plugins compatible for Editor in 0.33 ms, found 0 plugins.
Preloading 0 native plugins for Editor in 0.00 ms.
Mono: successfully reloaded assembly
- Completed reload, in  0.834 seconds
Platform modules already initialized, skipping
Refreshing native plugins compatible for Editor in 0.20 ms, found 0 plugins.
Preloading 0 native plugins for Editor in 0.00 ms.
Unloading 1150 Unused Serialized files (Serialized files now loaded: 0)
System memory in use before: 61.8 MB.
System memory in use after: 61.8 MB.

Unloading 5 unused Assets to reduce memory usage. Loaded Objects now: 1764.
Total: 1.559600 ms (FindLiveObjects: 0.167900 ms CreateObjectMapping: 0.029900 ms MarkObjects: 1.306300 ms  DeleteObjects: 0.053900 ms)

========================================================================
Received Import Request.
  Time since last request: 55.067888 seconds.
  path: Assets/Sprites/blob2.png
  artifactKey: Guid(85d432979368b7b478272b293868bd14) Importer(815301076,1909f56bfc062723c751e8b465ee728b)
Start importing Assets/Sprites/blob2.png using Guid(85d432979368b7b478272b293868bd14) Importer(815301076,1909f56bfc062723c751e8b465ee728b)  -> (artifact id: 'd89f49054413d1eff77cb89acbe95f4b') in 0.063378 seconds
  Import took 0.066782 seconds .

========================================================================
Received Import Request.
  Time since last request: 13.557846 seconds.
  path: Assets/Animations/EnemyIdle.anim
  artifactKey: Guid(ba7232fbef43c3c40b36566bfcd631d8) Importer(815301076,1909f56bfc062723c751e8b465ee728b)
Start importing Assets/Animations/EnemyIdle.anim using Guid(ba7232fbef43c3c40b36566bfcd631d8) Importer(815301076,1909f56bfc062723c751e8b465ee728b)  -> (artifact id: 'c7a1411b2d890a410be8aefb3674438f') in 0.003436 seconds
  Import took 0.007345 seconds .

========================================================================
Received Import Request.
  Time since last request: 0.008892 seconds.
  path: Assets/Animations/EnemyIdle.anim
  artifactKey: Guid(ba7232fbef43c3c40b36566bfcd631d8) Importer(815301076,1909f56bfc062723c751e8b465ee728b)
Start importing Assets/Animations/EnemyIdle.anim using Guid(ba7232fbef43c3c40b36566bfcd631d8) Importer(815301076,1909f56bfc062723c751e8b465ee728b)  -> (artifact id: 'c7a1411b2d890a410be8aefb3674438f') in 0.003156 seconds
  Import took 0.005324 seconds .

========================================================================
Received Import Request.
  Time since last request: 21.370729 seconds.
  path: Assets/Animations/EnemyAttack.anim
  artifactKey: Guid(58a401d5f71c0184d8f2aafa1e1a021d) Importer(815301076,1909f56bfc062723c751e8b465ee728b)
Start importing Assets/Animations/EnemyAttack.anim using Guid(58a401d5f71c0184d8f2aafa1e1a021d) Importer(815301076,1909f56bfc062723c751e8b465ee728b)  -> (artifact id: '4ed39b5f10f505cbf64296017e48b961') in 0.006734 seconds
  Import took 0.008972 seconds .

========================================================================
Received Prepare
Registering precompiled user dll's ...
Registered in 0.000614 seconds.
Begin MonoManager ReloadAssembly
Native extension for WindowsStandalone target not found
Refreshing native plugins compatible for Editor in 0.20 ms, found 0 plugins.
Preloading 0 native plugins for Editor in 0.00 ms.
Mono: successfully reloaded assembly
- Completed reload, in  0.682 seconds
Platform modules already initialized, skipping
Refreshing native plugins compatible for Editor in 0.21 ms, found 0 plugins.
Preloading 0 native plugins for Editor in 0.00 ms.
Unloading 1150 Unused Serialized files (Serialized files now loaded: 0)
System memory in use before: 61.9 MB.
System memory in use after: 61.9 MB.

Unloading 5 unused Assets to reduce memory usage. Loaded Objects now: 1778.
Total: 1.452800 ms (FindLiveObjects: 0.168500 ms CreateObjectMapping: 0.028200 ms MarkObjects: 1.210600 ms  DeleteObjects: 0.044700 ms)

========================================================================
Received Prepare
Registering precompiled user dll's ...
Registered in 0.000652 seconds.
Begin MonoManager ReloadAssembly
Native extension for WindowsStandalone target not found
Refreshing native plugins compatible for Editor in 0.23 ms, found 0 plugins.
Preloading 0 native plugins for Editor in 0.00 ms.
Mono: successfully reloaded assembly
- Completed reload, in  0.740 seconds
Platform modules already initialized, skipping
Refreshing native plugins compatible for Editor in 0.20 ms, found 0 plugins.
Preloading 0 native plugins for Editor in 0.00 ms.
Unloading 1150 Unused Serialized files (Serialized files now loaded: 0)
System memory in use before: 61.9 MB.
System memory in use after: 61.9 MB.

Unloading 5 unused Assets to reduce memory usage. Loaded Objects now: 1781.
Total: 1.553700 ms (FindLiveObjects: 0.181100 ms CreateObjectMapping: 0.029500 ms MarkObjects: 1.294900 ms  DeleteObjects: 0.046900 ms)

========================================================================
Received Prepare
Registering precompiled user dll's ...
Registered in 0.000999 seconds.
Begin MonoManager ReloadAssembly
Native extension for WindowsStandalone target not found
Refreshing native plugins compatible for Editor in 0.21 ms, found 0 plugins.
Preloading 0 native plugins for Editor in 0.00 ms.
Mono: successfully reloaded assembly
- Completed reload, in  0.710 seconds
Platform modules already initialized, skipping
Refreshing native plugins compatible for Editor in 0.31 ms, found 0 plugins.
Preloading 0 native plugins for Editor in 0.00 ms.
Unloading 1150 Unused Serialized files (Serialized files now loaded: 0)
System memory in use before: 61.9 MB.
System memory in use after: 62.0 MB.

Unloading 5 unused Assets to reduce memory usage. Loaded Objects now: 1784.
Total: 1.602100 ms (FindLiveObjects: 0.161400 ms CreateObjectMapping: 0.029000 ms MarkObjects: 1.358700 ms  DeleteObjects: 0.052100 ms)

========================================================================
Received Prepare
Registering precompiled user dll's ...
Registered in 0.000686 seconds.
Begin MonoManager ReloadAssembly
Native extension for WindowsStandalone target not found
Refreshing native plugins compatible for Editor in 0.20 ms, found 0 plugins.
Preloading 0 native plugins for Editor in 0.00 ms.
Mono: successfully reloaded assembly
- Completed reload, in  0.682 seconds
Platform modules already initialized, skipping
Refreshing native plugins compatible for Editor in 0.33 ms, found 0 plugins.
Preloading 0 native plugins for Editor in 0.00 ms.
Unloading 1150 Unused Serialized files (Serialized files now loaded: 0)
System memory in use before: 61.9 MB.
System memory in use after: 62.0 MB.

Unloading 5 unused Assets to reduce memory usage. Loaded Objects now: 1787.
Total: 2.237500 ms (FindLiveObjects: 0.240300 ms CreateObjectMapping: 0.040300 ms MarkObjects: 1.886100 ms  DeleteObjects: 0.069400 ms)

========================================================================
Received Import Request.
  Time since last request: 394.056778 seconds.
  path: Assets/Animations/EnemyAttack.anim
  artifactKey: Guid(58a401d5f71c0184d8f2aafa1e1a021d) Importer(815301076,1909f56bfc062723c751e8b465ee728b)
Start importing Assets/Animations/EnemyAttack.anim using Guid(58a401d5f71c0184d8f2aafa1e1a021d) Importer(815301076,1909f56bfc062723c751e8b465ee728b)  -> (artifact id: '8fddd4531a8eb68038039143d2764fcd') in 0.015883 seconds
  Import took 0.020373 seconds .

========================================================================
Received Prepare
Registering precompiled user dll's ...
Registered in 0.000883 seconds.
Begin MonoManager ReloadAssembly
Native extension for WindowsStandalone target not found
Refreshing native plugins compatible for Editor in 0.21 ms, found 0 plugins.
Preloading 0 native plugins for Editor in 0.00 ms.
Mono: successfully reloaded assembly
- Completed reload, in  0.690 seconds
Platform modules already initialized, skipping
Refreshing native plugins compatible for Editor in 0.33 ms, found 0 plugins.
Preloading 0 native plugins for Editor in 0.00 ms.
Unloading 1150 Unused Serialized files (Serialized files now loaded: 0)
System memory in use before: 61.9 MB.
System memory in use after: 62.0 MB.

Unloading 5 unused Assets to reduce memory usage. Loaded Objects now: 1790.
Total: 1.852700 ms (FindLiveObjects: 0.188800 ms CreateObjectMapping: 0.029500 ms MarkObjects: 1.538600 ms  DeleteObjects: 0.093900 ms)

========================================================================
Received Prepare
Registering precompiled user dll's ...
Registered in 0.000602 seconds.
Begin MonoManager ReloadAssembly
Native extension for WindowsStandalone target not found
Refreshing native plugins compatible for Editor in 0.23 ms, found 0 plugins.
Preloading 0 native plugins for Editor in 0.00 ms.
Mono: successfully reloaded assembly
- Completed reload, in  0.675 seconds
Platform modules already initialized, skipping
Refreshing native plugins compatible for Editor in 0.21 ms, found 0 plugins.
Preloading 0 native plugins for Editor in 0.00 ms.
Unloading 1150 Unused Serialized files (Serialized files now loaded: 0)
System memory in use before: 61.9 MB.
System memory in use after: 62.0 MB.

Unloading 5 unused Assets to reduce memory usage. Loaded Objects now: 1793.
Total: 1.595900 ms (FindLiveObjects: 0.159100 ms CreateObjectMapping: 0.029000 ms MarkObjects: 1.352400 ms  DeleteObjects: 0.054500 ms)

========================================================================
Received Prepare
Registering precompiled user dll's ...
Registered in 0.001031 seconds.
Begin MonoManager ReloadAssembly
Native extension for WindowsStandalone target not found
Refreshing native plugins compatible for Editor in 0.26 ms, found 0 plugins.
Preloading 0 native plugins for Editor in 0.00 ms.
Mono: successfully reloaded assembly
- Completed reload, in  0.777 seconds
Platform modules already initialized, skipping
Refreshing native plugins compatible for Editor in 0.37 ms, found 0 plugins.
Preloading 0 native plugins for Editor in 0.00 ms.
Unloading 1150 Unused Serialized files (Serialized files now loaded: 0)
System memory in use before: 61.9 MB.
System memory in use after: 62.0 MB.

Unloading 5 unused Assets to reduce memory usage. Loaded Objects now: 1796.
Total: 1.753700 ms (FindLiveObjects: 0.197100 ms CreateObjectMapping: 0.030000 ms MarkObjects: 1.365000 ms  DeleteObjects: 0.160200 ms)

========================================================================
Received Import Request.
  Time since last request: 297.614715 seconds.
  path: Assets/Animations/EnemyIdle.anim
  artifactKey: Guid(ba7232fbef43c3c40b36566bfcd631d8) Importer(815301076,1909f56bfc062723c751e8b465ee728b)
Start importing Assets/Animations/EnemyIdle.anim using Guid(ba7232fbef43c3c40b36566bfcd631d8) Importer(815301076,1909f56bfc062723c751e8b465ee728b)  -> (artifact id: '768f84efbb3900b2c5dc454497705699') in 0.013785 seconds
  Import took 0.017431 seconds .

========================================================================
Received Import Request.
  Time since last request: 91.786399 seconds.
  path: Assets/Animations/EnemyAttack.anim
  artifactKey: Guid(58a401d5f71c0184d8f2aafa1e1a021d) Importer(815301076,1909f56bfc062723c751e8b465ee728b)
Start importing Assets/Animations/EnemyAttack.anim using Guid(58a401d5f71c0184d8f2aafa1e1a021d) Importer(815301076,1909f56bfc062723c751e8b465ee728b)  -> (artifact id: '6a02a8439441bd7da80af8ea4d7781f8') in 0.003117 seconds
  Import took 0.006944 seconds .

========================================================================
Received Prepare
Registering precompiled user dll's ...
Registered in 0.000953 seconds.
Begin MonoManager ReloadAssembly
Native extension for WindowsStandalone target not found
Refreshing native plugins compatible for Editor in 0.22 ms, found 0 plugins.
Preloading 0 native plugins for Editor in 0.00 ms.
Mono: successfully reloaded assembly
- Completed reload, in  0.786 seconds
Platform modules already initialized, skipping
Refreshing native plugins compatible for Editor in 0.21 ms, found 0 plugins.
Preloading 0 native plugins for Editor in 0.00 ms.
Unloading 1150 Unused Serialized files (Serialized files now loaded: 0)
System memory in use before: 61.9 MB.
System memory in use after: 62.0 MB.

Unloading 5 unused Assets to reduce memory usage. Loaded Objects now: 1799.
Total: 2.195200 ms (FindLiveObjects: 0.198200 ms CreateObjectMapping: 0.029500 ms MarkObjects: 1.901000 ms  DeleteObjects: 0.064500 ms)

AssetImportWorkerClient::OnTransportError - code=2 error=End of file
